"Start of log file."
"D:/GitHub/Unity-Games/HoardGame_U5/Assets/Models/machinegun_bullet.max"
"Starting max loading and fbx conversion"
window = undefined
"Settings units"
"Before fbx export"
"After fbx export"
"Finished max loading and fbx conversion"
"D:/GitHub/Unity-Games/HoardGame_U5/Assets/Models/shotgun.max"
"Starting max loading and fbx conversion"
window = undefined
"Settings units"
"Before fbx export"
"After fbx export"
"Finished max loading and fbx conversion"
"D:/GitHub/Unity-Games/HoardGame_U5/Assets/Models/pistol.max"
"Starting max loading and fbx conversion"
window = undefined
"Settings units"
"Before fbx export"
"After fbx export"
"Finished max loading and fbx conversion"
"D:/GitHub/Unity-Games/HoardGame_U5/Assets/Models/pistol_bullet.max"
"Starting max loading and fbx conversion"
window = undefined
"Settings units"
"Before fbx export"
"After fbx export"
"Finished max loading and fbx conversion"
"D:/GitHub/Unity-Games/HoardGame_U5/Assets/Models/machinegun.max"
"Starting max loading and fbx conversion"
window = undefined
"Settings units"
"Before fbx export"
"After fbx export"
"Finished max loading and fbx conversion"
